2025-04-29T10:50:36 | touched: scripts/deploy.js
2026-01-08T06:07:35 | touched: README.md
2025-06-22T02:02:25 | touched: .env.example
2025-08-13T13:45:20 | touched: hardhat.config.js
2025-12-10T23:43:10 | touched: package.json
2026-01-03T23:59:33 | touched: test/Guardsignatureverify.test.js
2026-01-20T14:37:38 | touched: package.json
2026-01-22T06:41:20 | touched: hardhat.config.js
2026-01-17T05:15:02 | touched: package.json
2026-01-05T09:56:55 | touched: .env.example
2026-02-02T23:37:21 | touched: scripts/deploy.js
2025-10-27T22:08:23 | touched: LICENSE
2025-09-28T02:27:57 | touched: README.md
2025-06-19T17:42:33 | touched: contracts/Guardsignatureverify.sol
2026-02-03T17:33:00 | touched: .env.example
2026-01-11T03:21:15 | touched: .env.example
2024-12-01T06:12:21 | touched: contracts/Guardsignatureverify.sol
2026-01-19T09:36:31 | touched: README.md
2026-01-07T16:59:34 | touched: scripts/deploy.js
2024-04-29T13:47:51 | touched: test/Guardsignatureverify.test.js
2025-03-05T11:06:24 | touched: .env.example
2026-02-02T16:49:18 | touched: .env.example
2025-12-09T05:44:36 | touched: hardhat.config.js
2025-01-25T06:37:51 | touched: README.md
2025-12-24T02:04:11 | touched: test/Guardsignatureverify.test.js
2025-09-30T01:33:25 | touched: README.md
2025-11-23T03:17:28 | touched: test/Guardsignatureverify.test.js
2025-09-07T18:43:50 | touched: .env.example
2025-05-01T09:51:32 | touched: contracts/Guardsignatureverify.sol
2025-01-20T17:41:08 | touched: package.json
